#
# A fatal error has been detected by the Java Runtime Environment:
#
#  SIGSEGV (0xb) at pc=0x00007f7e350697ba, pid=7061, tid=0x00007f7e241cb700
#
# JRE version: OpenJDK Runtime Environment (8.0_131-b11) (build 1.8.0_131-8u131-b11-2ubuntu1.17.04.3-b11)
# Java VM: OpenJDK 64-Bit Server VM (25.131-b11 mixed mode linux-amd64 compressed oops)
# Problematic frame:
# v  ~BufferBlob::jni_fast_GetLongField
#
# Failed to write core dump. Core dumps have been disabled. To enable core dumping, try "ulimit -c unlimited" before starting Java again
#
# If you would like to submit a bug report, please visit:
#   http://bugreport.java.com/bugreport/crash.jsp
# The crash happened outside the Java Virtual Machine in native code.
# See problematic frame for where to report the bug.
#

---------------  T H R E A D  ---------------

Current thread (0x00007f7e44267000):  JavaThread "AWT-XAWT" daemon [_thread_in_native, id=7082, stack(0x00007f7e240cb000,0x00007f7e241cc000)]

siginfo: si_signo: 11 (SIGSEGV), si_code: 1 (SEGV_MAPERR), si_addr: 0x0000000000000000

Registers:
RAX=0x00007f7e4ce5e040, RBX=0x00007f7e442671e0, RCX=0x0000000000000000, RDX=0x0000000000000042
RSP=0x00007f7e241ca838, RBP=0x00007f7e241ca860, RSI=0x0000000000000000, RDI=0x00007f7e442671e0
R8 =0x00000000c4010330, R9 =0x0000000000000000, R10=0x00000000000000be, R11=0x00007f7e3539e158
R12=0x00007f7de4011e60, R13=0x0000000000000000, R14=0x00007f7e261ffb00, R15=0x00007f7e44267000
RIP=0x00007f7e350697ba, EFLAGS=0x0000000000010246, CSGSFS=0x002b000000000033, ERR=0x0000000000000004
  TRAPNO=0x000000000000000e

Top of Stack: (sp=0x00007f7e241ca838)
0x00007f7e241ca838:   00007f7e25fddd94 00007f7e4954d168
0x00007f7e241ca848:   00007f7de4011e60 00007f7e241ca910
0x00007f7e241ca858:   00007f7e241ca8e0 0000000000000000
0x00007f7e241ca868:   00007f7e25ac1300 00007f7e4954d168
0x00007f7e241ca878:   00007f7e241ca8a0 0000000000000000
0x00007f7e241ca888:   00007f7e25ab8e23 00007f7e241ca910
0x00007f7e241ca898:   00007f7e25fd5b5f 00007f7e241ca8f0
0x00007f7e241ca8a8:   00007f7e3539e1f6 0000000000000000
0x00007f7e241ca8b8:   00007f7e3520a4b6 00007f7e241ca970
0x00007f7e241ca8c8:   00007f7e3551a374 00000000c40a1e48
0x00007f7e241ca8d8:   00000000ecabfcc0 00000000c4004508
0x00007f7e241ca8e8:   00007f7e49661360 00007f7e241ca970
0x00007f7e241ca8f8:   00007f7e350077d0 00007f7e241ca970
0x00007f7e241ca908:   00007f7e350077d0 0000000000000000
0x00007f7e241ca918:   00007f7e35007b10 00007f7df0000e30
0x00007f7e241ca928:   00000000c40a1e48 00007f7e241ca930
0x00007f7e241ca938:   00007f7e4965ad74 00007f7e241ca9b8
0x00007f7e241ca948:   00007f7e49664528 0000000000000000
0x00007f7e241ca958:   00007f7e4965aeb0 00007f7e241ca910
0x00007f7e241ca968:   00007f7e241ca9b0 00007f7e241caa00
0x00007f7e241ca978:   00007f7e35007ffd 0000000000000000
0x00007f7e241ca988:   00000000c4015568 0000000000000000
0x00007f7e241ca998:   0000000000000000 0000000000000000
0x00007f7e241ca9a8:   00000000c40a1e48 0000000000000000
0x00007f7e241ca9b8:   00000000c4033710 00007f7e241ca9c0
0x00007f7e241ca9c8:   00007f7e4965abb5 00007f7e241caa10
0x00007f7e241ca9d8:   00007f7e49664528 0000000000000000
0x00007f7e241ca9e8:   00007f7e4965abc0 00007f7e241ca9b0
0x00007f7e241ca9f8:   00007f7e241caa10 00007f7e241caa58
0x00007f7e241caa08:   00007f7e35008042 00000000c4033710
0x00007f7e241caa18:   00007f7e241caa18 00007f7e4919099b
0x00007f7e241caa28:   00007f7e241caa68 00007f7e492180b8 

Instructions: (pc=0x00007f7e350697ba)
0x00007f7e3506979a:   00 00 00 00 00 00 44 8b 15 2d 14 e2 17 4c 8b ce
0x00007f7e350697aa:   41 f6 c2 01 0f 85 2e 00 00 00 4d 33 ca 4d 33 ca
0x00007f7e350697ba:   4d 8b 09 4c 8b da 49 c1 eb 02 4b 8b 04 19 49 bb
0x00007f7e350697ca:   d4 ab e8 4c 7e 7f 00 00 4c 33 d8 4c 33 d8 45 3b 

Register to memory mapping:

RAX=0x00007f7e4ce5e040: <offset 0xefc040> in /usr/lib/jvm/java-8-openjdk-amd64/jre/lib/amd64/server/libjvm.so at 0x00007f7e4bf62000
RBX=0x00007f7e442671e0 is an unknown value
RCX=0x0000000000000000 is an unknown value
RDX=0x0000000000000042 is an unknown value
RSP=0x00007f7e241ca838 is pointing into the stack for thread: 0x00007f7e44267000
RBP=0x00007f7e241ca860 is pointing into the stack for thread: 0x00007f7e44267000
RSI=0x0000000000000000 is an unknown value
RDI=0x00007f7e442671e0 is an unknown value
R8 =0x00000000c4010330 is an oop
sun.util.logging.PlatformLogger$Level 
 - klass: 'sun/util/logging/PlatformLogger$Level'
R9 =0x0000000000000000 is an unknown value
R10=0x00000000000000be is an unknown value
R11=0x00007f7e3539e158 is at entry_point+24 in (nmethod*)0x00007f7e3539dfd0
R12=0x00007f7de4011e60 is an unknown value
R13=0x0000000000000000 is an unknown value
R14=0x00007f7e261ffb00: <offset 0x257b00> in /usr/lib/jvm/java-8-openjdk-amd64/jre/lib/amd64/libawt_xawt.so at 0x00007f7e25fa8000
R15=0x00007f7e44267000 is a thread


Stack: [0x00007f7e240cb000,0x00007f7e241cc000],  sp=0x00007f7e241ca838,  free space=1022k
Native frames: (J=compiled Java code, j=interpreted, Vv=VM code, C=native code)
v  ~BufferBlob::jni_fast_GetLongField
C  [libX11.so.6+0x64300]  _XimServerDestroy+0x70

Java frames: (J=compiled Java code, j=interpreted, Vv=VM code)
J 1065  sun.awt.X11.XlibWrapper.XFilterEvent(JJ)Z (0 bytes) @ 0x00007f7e3539e184 [0x00007f7e3539e140+0x44]
j  sun.awt.X11.XToolkit.run(Z)V+300
j  sun.awt.X11.XToolkit.run()V+5
j  java.lang.Thread.run()V+11
v  ~StubRoutines::call_stub

---------------  P R O C E S S  ---------------

Java Threads: ( => current thread )
  0x00007f7de8002800 JavaThread "Thread-1" daemon [_thread_in_native, id=7085, stack(0x00007f7ded7ad000,0x00007f7dedfae000)]
=>0x00007f7e44267000 JavaThread "AWT-XAWT" daemon [_thread_in_native, id=7082, stack(0x00007f7e240cb000,0x00007f7e241cc000)]
  0x00007f7e4423f800 JavaThread "Java2D Disposer" daemon [_thread_blocked, id=7081, stack(0x00007f7e245dc000,0x00007f7e246dd000)]
  0x00007f7e440c1800 JavaThread "Service Thread" daemon [_thread_blocked, id=7079, stack(0x00007f7e3441c000,0x00007f7e3451d000)]
  0x00007f7e440b2000 JavaThread "C1 CompilerThread2" daemon [_thread_blocked, id=7078, stack(0x00007f7e3451d000,0x00007f7e3461e000)]
  0x00007f7e440b0000 JavaThread "C2 CompilerThread1" daemon [_thread_blocked, id=7077, stack(0x00007f7e3461e000,0x00007f7e3471f000)]
  0x00007f7e440ad000 JavaThread "C2 CompilerThread0" daemon [_thread_blocked, id=7076, stack(0x00007f7e3471f000,0x00007f7e34820000)]
  0x00007f7e440ab000 JavaThread "Signal Dispatcher" daemon [_thread_blocked, id=7075, stack(0x00007f7e34820000,0x00007f7e34921000)]
  0x00007f7e44083800 JavaThread "Finalizer" daemon [_thread_blocked, id=7074, stack(0x00007f7e34bfc000,0x00007f7e34cfd000)]
  0x00007f7e4407f000 JavaThread "Reference Handler" daemon [_thread_blocked, id=7073, stack(0x00007f7e34cfd000,0x00007f7e34dfe000)]
  0x00007f7e4400a000 JavaThread "main" [_thread_in_native, id=7062, stack(0x00007f7e4dbba000,0x00007f7e4dcbb000)]

Other Threads:
  0x00007f7e44077000 VMThread [stack: 0x00007f7e34dfe000,0x00007f7e34eff000] [id=7072]
  0x00007f7e440c4000 WatcherThread [stack: 0x00007f7e3431b000,0x00007f7e3441c000] [id=7080]

VM state:not at safepoint (normal execution)

VM Mutex/Monitor currently owned by a thread: None

Heap:
 PSYoungGen      total 16384K, used 11135K [0x00000000ec000000, 0x00000000ed180000, 0x0000000100000000)
  eden space 14848K, 74% used [0x00000000ec000000,0x00000000ecabff78,0x00000000ece80000)
  from space 1536K, 8% used [0x00000000ece80000,0x00000000ecea0000,0x00000000ed000000)
  to   space 1536K, 0% used [0x00000000ed000000,0x00000000ed000000,0x00000000ed180000)
 ParOldGen       total 40960K, used 2709K [0x00000000c4000000, 0x00000000c6800000, 0x00000000ec000000)
  object space 40960K, 6% used [0x00000000c4000000,0x00000000c42a57d8,0x00000000c6800000)
 Metaspace       used 11762K, capacity 11960K, committed 12160K, reserved 1060864K
  class space    used 1272K, capacity 1338K, committed 1408K, reserved 1048576K

Card table byte_map: [0x00007f7e4a087000,0x00007f7e4a268000] byte_map_base: 0x00007f7e49a67000

Marking Bits: (ParMarkBitMap*) 0x00007f7e4ce8a2c0
 Begin Bits: [0x00007f7e26200000, 0x00007f7e27100000)
 End Bits:   [0x00007f7e27100000, 0x00007f7e28000000)

Polling page: 0x00007f7e4dcdc000

CodeCache: size=245760Kb used=5200Kb max_used=5481Kb free=240559Kb
 bounds [0x00007f7e35000000, 0x00007f7e35570000, 0x00007f7e44000000]
 total_blobs=1749 nmethods=1228 adapters=436
 compilation: enabled

Compilation events (10 events):
Event: 148.189 Thread 0x00007f7e440ad000 1373   !   4       java.awt.KeyboardFocusManager::retargetFocusEvent (244 bytes)
Event: 148.191 Thread 0x00007f7e440b0000 1374       4       java.awt.Toolkit::notifyAWTEventListeners (36 bytes)
Event: 148.192 Thread 0x00007f7e440b0000 nmethod 1374 0x00007f7e3510cc10 code [0x00007f7e3510cd80, 0x00007f7e3510ce88]
Event: 148.197 Thread 0x00007f7e440ad000 nmethod 1373 0x00007f7e351b4250 code [0x00007f7e351b4440, 0x00007f7e351b4c90]
Event: 149.489 Thread 0x00007f7e440b2000 1375   !   3       sun.awt.PostEventQueue::flush (168 bytes)
Event: 149.491 Thread 0x00007f7e440b2000 nmethod 1375 0x00007f7e35556f50 code [0x00007f7e355571a0, 0x00007f7e35558328]
Event: 149.497 Thread 0x00007f7e440b2000 1377       3       java.awt.EventQueue::getNextEventPrivate (76 bytes)
Event: 149.498 Thread 0x00007f7e440b2000 nmethod 1377 0x00007f7e351b8ed0 code [0x00007f7e351b9060, 0x00007f7e351b9388]
Event: 2677.991 Thread 0x00007f7e440b2000 1378       3       java.lang.Long::longValue (5 bytes)
Event: 2677.991 Thread 0x00007f7e440b2000 nmethod 1378 0x00007f7e3524c6d0 code [0x00007f7e3524c820, 0x00007f7e3524c970]

GC Heap History (10 events):
Event: 127.653 GC heap before
{Heap before GC invocations=29 (full 0):
 PSYoungGen      total 16896K, used 14944K [0x00000000ec000000, 0x00000000ed280000, 0x0000000100000000)
  eden space 14848K, 100% used [0x00000000ec000000,0x00000000ece80000,0x00000000ece80000)
  from space 2048K, 4% used [0x00000000ed080000,0x00000000ed098000,0x00000000ed280000)
  to   space 2048K, 0% used [0x00000000ece80000,0x00000000ece80000,0x00000000ed080000)
 ParOldGen       total 40960K, used 2653K [0x00000000c4000000, 0x00000000c6800000, 0x00000000ec000000)
  object space 40960K, 6% used [0x00000000c4000000,0x00000000c42977d8,0x00000000c6800000)
 Metaspace       used 11700K, capacity 11960K, committed 12160K, reserved 1060864K
  class space    used 1264K, capacity 1338K, committed 1408K, reserved 1048576K
Event: 127.654 GC heap after
Heap after GC invocations=29 (full 0):
 PSYoungGen      total 16896K, used 96K [0x00000000ec000000, 0x00000000ed280000, 0x0000000100000000)
  eden space 14848K, 0% used [0x00000000ec000000,0x00000000ec000000,0x00000000ece80000)
  from space 2048K, 4% used [0x00000000ece80000,0x00000000ece98000,0x00000000ed080000)
  to   space 2048K, 0% used [0x00000000ed080000,0x00000000ed080000,0x00000000ed280000)
 ParOldGen       total 40960K, used 2677K [0x00000000c4000000, 0x00000000c6800000, 0x00000000ec000000)
  object space 40960K, 6% used [0x00000000c4000000,0x00000000c429d7d8,0x00000000c6800000)
 Metaspace       used 11700K, capacity 11960K, committed 12160K, reserved 1060864K
  class space    used 1264K, capacity 1338K, committed 1408K, reserved 1048576K
}
Event: 132.053 GC heap before
{Heap before GC invocations=30 (full 0):
 PSYoungGen      total 16896K, used 14944K [0x00000000ec000000, 0x00000000ed280000, 0x0000000100000000)
  eden space 14848K, 100% used [0x00000000ec000000,0x00000000ece80000,0x00000000ece80000)
  from space 2048K, 4% used [0x00000000ece80000,0x00000000ece98000,0x00000000ed080000)
  to   space 2048K, 0% used [0x00000000ed080000,0x00000000ed080000,0x00000000ed280000)
 ParOldGen       total 40960K, used 2677K [0x00000000c4000000, 0x00000000c6800000, 0x00000000ec000000)
  object space 40960K, 6% used [0x00000000c4000000,0x00000000c429d7d8,0x00000000c6800000)
 Metaspace       used 11700K, capacity 11960K, committed 12160K, reserved 1060864K
  class space    used 1264K, capacity 1338K, committed 1408K, reserved 1048576K
Event: 132.054 GC heap after
Heap after GC invocations=30 (full 0):
 PSYoungGen      total 15872K, used 128K [0x00000000ec000000, 0x00000000ed180000, 0x0000000100000000)
  eden space 14848K, 0% used [0x00000000ec000000,0x00000000ec000000,0x00000000ece80000)
  from space 1024K, 12% used [0x00000000ed080000,0x00000000ed0a0000,0x00000000ed180000)
  to   space 1536K, 0% used [0x00000000ece80000,0x00000000ece80000,0x00000000ed000000)
 ParOldGen       total 40960K, used 2693K [0x00000000c4000000, 0x00000000c6800000, 0x00000000ec000000)
  object space 40960K, 6% used [0x00000000c4000000,0x00000000c42a17d8,0x00000000c6800000)
 Metaspace       used 11700K, capacity 11960K, committed 12160K, reserved 1060864K
  class space    used 1264K, capacity 1338K, committed 1408K, reserved 1048576K
}
Event: 136.470 GC heap before
{Heap before GC invocations=31 (full 0):
 PSYoungGen      total 15872K, used 14976K [0x00000000ec000000, 0x00000000ed180000, 0x0000000100000000)
  eden space 14848K, 100% used [0x00000000ec000000,0x00000000ece80000,0x00000000ece80000)
  from space 1024K, 12% used [0x00000000ed080000,0x00000000ed0a0000,0x00000000ed180000)
  to   space 1536K, 0% used [0x00000000ece80000,0x00000000ece80000,0x00000000ed000000)
 ParOldGen       total 40960K, used 2693K [0x00000000c4000000, 0x00000000c6800000, 0x00000000ec000000)
  object space 40960K, 6% used [0x00000000c4000000,0x00000000c42a17d8,0x00000000c6800000)
 Metaspace       used 11704K, capacity 11960K, committed 12160K, reserved 1060864K
  class space    used 1264K, capacity 1338K, committed 1408K, reserved 1048576K
Event: 136.471 GC heap after
Heap after GC invocations=31 (full 0):
 PSYoungGen      total 16384K, used 96K [0x00000000ec000000, 0x00000000ed180000, 0x0000000100000000)
  eden space 14848K, 0% used [0x00000000ec000000,0x00000000ec000000,0x00000000ece80000)
  from space 1536K, 6% used [0x00000000ece80000,0x00000000ece98000,0x00000000ed000000)
  to   space 1536K, 0% used [0x00000000ed000000,0x00000000ed000000,0x00000000ed180000)
 ParOldGen       total 40960K, used 2709K [0x00000000c4000000, 0x00000000c6800000, 0x00000000ec000000)
  object space 40960K, 6% used [0x00000000c4000000,0x00000000c42a57d8,0x00000000c6800000)
 Metaspace       used 11704K, capacity 11960K, committed 12160K, reserved 1060864K
  class space    used 1264K, capacity 1338K, committed 1408K, reserved 1048576K
}
Event: 140.870 GC heap before
{Heap before GC invocations=32 (full 0):
 PSYoungGen      total 16384K, used 14944K [0x00000000ec000000, 0x00000000ed180000, 0x0000000100000000)
  eden space 14848K, 100% used [0x00000000ec000000,0x00000000ece80000,0x00000000ece80000)
  from space 1536K, 6% used [0x00000000ece80000,0x00000000ece98000,0x00000000ed000000)
  to   space 1536K, 0% used [0x00000000ed000000,0x00000000ed000000,0x00000000ed180000)
 ParOldGen       total 40960K, used 2709K [0x00000000c4000000, 0x00000000c6800000, 0x00000000ec000000)
  object space 40960K, 6% used [0x00000000c4000000,0x00000000c42a57d8,0x00000000c6800000)
 Metaspace       used 11704K, capacity 11960K, committed 12160K, reserved 1060864K
  class space    used 1264K, capacity 1338K, committed 1408K, reserved 1048576K
Event: 140.871 GC heap after
Heap after GC invocations=32 (full 0):
 PSYoungGen      total 16384K, used 128K [0x00000000ec000000, 0x00000000ed180000, 0x0000000100000000)
  eden space 14848K, 0% used [0x00000000ec000000,0x00000000ec000000,0x00000000ece80000)
  from space 1536K, 8% used [0x00000000ed000000,0x00000000ed020000,0x00000000ed180000)
  to   space 1536K, 0% used [0x00000000ece80000,0x00000000ece80000,0x00000000ed000000)
 ParOldGen       total 40960K, used 2709K [0x00000000c4000000, 0x00000000c6800000, 0x00000000ec000000)
  object space 40960K, 6% used [0x00000000c4000000,0x00000000c42a57d8,0x00000000c6800000)
 Metaspace       used 11704K, capacity 11960K, committed 12160K, reserved 1060864K
  class space    used 1264K, capacity 1338K, committed 1408K, reserved 1048576K
}
Event: 145.179 GC heap before
{Heap before GC invocations=33 (full 0):
 PSYoungGen      total 16384K, used 14976K [0x00000000ec000000, 0x00000000ed180000, 0x0000000100000000)
  eden space 14848K, 100% used [0x00000000ec000000,0x00000000ece80000,0x00000000ece80000)
  from space 1536K, 8% used [0x00000000ed000000,0x00000000ed020000,0x00000000ed180000)
  to   space 1536K, 0% used [0x00000000ece80000,0x00000000ece80000,0x00000000ed000000)
 ParOldGen       total 40960K, used 2709K [0x00000000c4000000, 0x00000000c6800000, 0x00000000ec000000)
  object space 40960K, 6% used [0x00000000c4000000,0x00000000c42a57d8,0x00000000c6800000)
 Metaspace       used 11712K, capacity 11960K, committed 12160K, reserved 1060864K
  class space    used 1264K, capacity 1338K, committed 1408K, reserved 1048576K
Event: 145.180 GC heap after
Heap after GC invocations=33 (full 0):
 PSYoungGen      total 16384K, used 128K [0x00000000ec000000, 0x00000000ed180000, 0x0000000100000000)
  eden space 14848K, 0% used [0x00000000ec000000,0x00000000ec000000,0x00000000ece80000)
  from space 1536K, 8% used [0x00000000ece80000,0x00000000ecea0000,0x00000000ed000000)
  to   space 1536K, 0% used [0x00000000ed000000,0x00000000ed000000,0x00000000ed180000)
 ParOldGen       total 40960K, used 2709K [0x00000000c4000000, 0x00000000c6800000, 0x00000000ec000000)
  object space 40960K, 6% used [0x00000000c4000000,0x00000000c42a57d8,0x00000000c6800000)
 Metaspace       used 11712K, capacity 11960K, committed 12160K, reserved 1060864K
  class space    used 1264K, capacity 1338K, committed 1408K, reserved 1048576K
}

Deoptimization events (10 events):
Event: 148.182 Thread 0x00007f7e442ec800 Uncommon trap: reason=unstable_if action=reinterpret pc=0x00007f7e3550c340 method=java.awt.Component.dispatchEventImpl(Ljava/awt/AWTEvent;)V @ 759
Event: 148.182 Thread 0x00007f7e442ec800 Uncommon trap: reason=unstable_if action=reinterpret pc=0x00007f7e35495cd4 method=java.awt.EventQueue.eventToCacheIndex(Ljava/awt/AWTEvent;)I @ 71
Event: 148.182 Thread 0x00007f7e442ec800 Uncommon trap: reason=class_check action=maybe_recompile pc=0x00007f7e354f0550 method=java.awt.EventQueue.setCurrentEventAndMostRecentTimeImpl(Ljava/awt/AWTEvent;)V @ 135
Event: 148.183 Thread 0x00007f7dd4002800 Uncommon trap: reason=unstable_if action=reinterpret pc=0x00007f7e3547cfb8 method=java.net.SocketInputStream.read([BIII)I @ 124
Event: 148.183 Thread 0x00007f7dd4002800 Uncommon trap: reason=unstable_if action=reinterpret pc=0x00007f7e35466b18 method=java.net.AbstractPlainSocketImpl.releaseFD()V @ 22
Event: 148.183 Thread 0x00007f7dd4002800 Uncommon trap: reason=unstable_if action=reinterpret pc=0x00007f7e354b6530 method=java.util.IdentityHashMap.isEmpty()Z @ 4
Event: 148.191 Thread 0x00007f7e442ec800 Uncommon trap: reason=null_check action=make_not_entrant pc=0x00007f7e35535bfc method=java.awt.DefaultKeyboardFocusManager.dispatchEvent(Ljava/awt/AWTEvent;)Z @ 472
Event: 149.490 Thread 0x00007f7e442f2800 Uncommon trap: reason=unstable_if action=reinterpret pc=0x00007f7e351fdb00 method=game.Window.run()V @ 230
Event: 149.490 Thread 0x00007f7e442ec800 Uncommon trap: reason=class_check action=maybe_recompile pc=0x00007f7e354f0550 method=java.awt.EventQueue.setCurrentEventAndMostRecentTimeImpl(Ljava/awt/AWTEvent;)V @ 135
Event: 149.495 Thread 0x00007f7e442ec800 Uncommon trap: reason=unstable_if action=reinterpret pc=0x00007f7e354c14bc method=java.util.IdentityHashMap.isEmpty()Z @ 4

Internal exceptions (10 events):
Event: 40.611 Thread 0x00007f7dd8067800 Exception <a 'java/net/SocketTimeoutException': Accept timed out> (0x00000000ec298168) thrown at [/build/openjdk-8-ugc2Ph/openjdk-8-8u131-b11/src/hotspot/src/share/vm/prims/jni.cpp, line 735]
Event: 60.713 Thread 0x00007f7dd8067800 Exception <a 'java/net/SocketTimeoutException': Accept timed out> (0x00000000ecaaa820) thrown at [/build/openjdk-8-ugc2Ph/openjdk-8-8u131-b11/src/hotspot/src/share/vm/prims/jni.cpp, line 735]
Event: 80.817 Thread 0x00007f7dd8067800 Exception <a 'java/net/SocketTimeoutException': Accept timed out> (0x00000000ec456fa8) thrown at [/build/openjdk-8-ugc2Ph/openjdk-8-8u131-b11/src/hotspot/src/share/vm/prims/jni.cpp, line 735]
Event: 100.922 Thread 0x00007f7dd8067800 Exception <a 'java/net/SocketTimeoutException': Accept timed out> (0x00000000ecd26720) thrown at [/build/openjdk-8-ugc2Ph/openjdk-8-8u131-b11/src/hotspot/src/share/vm/prims/jni.cpp, line 735]
Event: 119.913 Thread 0x00007f7e442ec800 Implicit null exception at 0x00007f7e35510369 to 0x00007f7e35512a89
Event: 121.021 Thread 0x00007f7dd8067800 Exception <a 'java/net/SocketTimeoutException': Accept timed out> (0x00000000ec6f9130) thrown at [/build/openjdk-8-ugc2Ph/openjdk-8-8u131-b11/src/hotspot/src/share/vm/prims/jni.cpp, line 735]
Event: 141.121 Thread 0x00007f7dd8067800 Exception <a 'java/net/SocketTimeoutException': Accept timed out> (0x00000000ec0e4998) thrown at [/build/openjdk-8-ugc2Ph/openjdk-8-8u131-b11/src/hotspot/src/share/vm/prims/jni.cpp, line 735]
Event: 148.191 Thread 0x00007f7e442ec800 Implicit null exception at 0x00007f7e355353c7 to 0x00007f7e35535be9
Event: 161.205 Thread 0x00007f7dd8067800 Exception <a 'java/net/SocketTimeoutException': Accept timed out> (0x00000000ecab8430) thrown at [/build/openjdk-8-ugc2Ph/openjdk-8-8u131-b11/src/hotspot/src/share/vm/prims/jni.cpp, line 735]
Event: 168.207 Thread 0x00007f7dd806a000 Exception <a 'java/net/SocketTimeoutException': Accept timed out> (0x00000000eca55178) thrown at [/build/openjdk-8-ugc2Ph/openjdk-8-8u131-b11/src/hotspot/src/share/vm/prims/jni.cpp, line 735]

Events (10 events):
Event: 161.205 Thread 0x00007f7dd8067800 Thread exited: 0x00007f7dd8067800
Event: 168.207 Executing VM operation: RevokeBias
Event: 168.207 Executing VM operation: RevokeBias done
Event: 168.207 Thread 0x00007f7dd806a000 Thread exited: 0x00007f7dd806a000
Event: 925.880 loading class sun/awt/X11/XkbEvent
Event: 927.857 loading class sun/awt/X11/XkbEvent done
Event: 927.857 loading class sun/awt/X11/XkbAnyEvent
Event: 927.865 loading class sun/awt/X11/XkbAnyEvent done
Event: 2677.991 Thread 0x00007f7e440b2000 flushing nmethod 0x00007f7e35344d50
Event: 2677.991 Thread 0x00007f7e440b2000 flushing nmethod 0x00007f7e35352f10


Dynamic libraries:
c4000000-c6800000 rw-p 00000000 00:00 0 
c6800000-ec000000 ---p 00000000 00:00 0 
ec000000-ed180000 rw-p 00000000 00:00 0 
ed180000-100000000 ---p 00000000 00:00 0 
100000000-100160000 rw-p 00000000 00:00 0 
100160000-140000000 ---p 00000000 00:00 0 
559180947000-559180948000 r-xp 00000000 08:01 5650250                    /usr/lib/jvm/java-8-openjdk-amd64/jre/bin/java
559180b47000-559180b48000 r--p 00000000 08:01 5650250                    /usr/lib/jvm/java-8-openjdk-amd64/jre/bin/java
559180b48000-559180b49000 rw-p 00001000 08:01 5650250                    /usr/lib/jvm/java-8-openjdk-amd64/jre/bin/java
559180ede000-559180eff000 rw-p 00000000 00:00 0                          [heap]
7f7dc8000000-7f7dc8021000 rw-p 00000000 00:00 0 
7f7dc8021000-7f7dcc000000 ---p 00000000 00:00 0 
7f7dd0000000-7f7dd0021000 rw-p 00000000 00:00 0 
7f7dd0021000-7f7dd4000000 ---p 00000000 00:00 0 
7f7dd4000000-7f7dd406d000 rw-p 00000000 00:00 0 
7f7dd406d000-7f7dd8000000 ---p 00000000 00:00 0 
7f7dd8000000-7f7dd82de000 rw-p 00000000 00:00 0 
7f7dd82de000-7f7ddc000000 ---p 00000000 00:00 0 
7f7ddc000000-7f7ddc021000 rw-p 00000000 00:00 0 
7f7ddc021000-7f7de0000000 ---p 00000000 00:00 0 
7f7de0000000-7f7de0021000 rw-p 00000000 00:00 0 
7f7de0021000-7f7de4000000 ---p 00000000 00:00 0 
7f7de4000000-7f7de4035000 rw-p 00000000 00:00 0 
7f7de4035000-7f7de8000000 ---p 00000000 00:00 0 
7f7de8000000-7f7de8021000 rw-p 00000000 00:00 0 
7f7de8021000-7f7dec000000 ---p 00000000 00:00 0 
7f7dec5d2000-7f7dec5dd000 r--s 00000000 08:01 9306195                    /var/cache/fontconfig/945677eb7aeaf62f1d50efc3fb3ec7d8-le64.cache-6
7f7dec5dd000-7f7dec5e3000 r--s 00000000 08:01 9306178                    /var/cache/fontconfig/2cd17615ca594fa2959ae173292e504c-le64.cache-6
7f7dec5e3000-7f7dec5e4000 r--s 00000000 08:01 9306175                    /var/cache/fontconfig/0d8c3b2ac0904cb8a57a757ad11a4a08-le64.cache-6
7f7dec5e4000-7f7dec5e8000 r--s 00000000 08:01 9319040                    /var/cache/fontconfig/de156ccd2eddbdc19d37a45b8b2aac9c-le64.cache-6
7f7dec5e8000-7f7dec5fd000 r--s 00000000 08:01 9306171                    /var/cache/fontconfig/04aabc0a78ac019cf9454389977116d2-le64.cache-6
7f7dec5fd000-7f7dec5fe000 r--s 00000000 08:01 9306177                    /var/cache/fontconfig/1ac9eb803944fde146138c791f5cc56a-le64.cache-6
7f7dec5fe000-7f7dec602000 r--s 00000000 08:01 9306182                    /var/cache/fontconfig/385c0604a188198f04d133e54aba7fe7-le64.cache-6
7f7dec602000-7f7dec603000 r--s 00000000 08:01 9306208                    /var/cache/fontconfig/dc05db6664285cc2f12bf69c139ae4c3-le64.cache-6
7f7dec603000-7f7dec606000 r--s 00000000 08:01 9306192                    /var/cache/fontconfig/767a8244fc0220cfb567a839d0392e0b-le64.cache-6
7f7dec606000-7f7dec607000 r--s 00000000 08:01 9306184                    /var/cache/fontconfig/4794a0821666d79190d59a36cb4f44b5-le64.cache-6
7f7dec607000-7f7dec608000 r--s 00000000 08:01 9306173                    /var/cache/fontconfig/0bd3dc0958fa2205aaaa8ebb13e2872b-le64.cache-6
7f7dec608000-7f7dec60e000 r--s 00000000 08:01 9306194                    /var/cache/fontconfig/8801497958630a81b71ace7c5f9b32a8-le64.cache-6
7f7dec87b000-7f7dec8fb000 rw-p 00000000 00:00 0 
7f7dec8fb000-7f7deca7e000 ---p 00000000 00:00 0 
7f7deca7e000-7f7decb7c000 rw-p 00000000 00:00 0 
7f7decb7c000-7f7decb7f000 ---p 00000000 00:00 0 
7f7decb7f000-7f7decc7d000 rw-p 00000000 00:00 0 
7f7decc7d000-7f7decc80000 ---p 00000000 00:00 0 
7f7decc80000-7f7decd7e000 rw-p 00000000 00:00 0 
7f7decd7e000-7f7decd81000 ---p 00000000 00:00 0 
7f7decd81000-7f7dece7f000 rw-p 00000000 00:00 0 
7f7dece7f000-7f7dece90000 r-xp 00000000 08:01 5650289                    /usr/lib/jvm/java-8-openjdk-amd64/jre/lib/amd64/libnio.so
7f7dece90000-7f7ded090000 ---p 00011000 08:01 5650289                    /usr/lib/jvm/java-8-openjdk-amd64/jre/lib/amd64/libnio.so
7f7ded090000-7f7ded091000 r--p 00011000 08:01 5650289                    /usr/lib/jvm/java-8-openjdk-amd64/jre/lib/amd64/libnio.so
7f7ded091000-7f7ded092000 rw-p 00012000 08:01 5650289                    /usr/lib/jvm/java-8-openjdk-amd64/jre/lib/amd64/libnio.so
7f7ded092000-7f7ded0a9000 r-xp 00000000 08:01 5650288                    /usr/lib/jvm/java-8-openjdk-amd64/jre/lib/amd64/libnet.so
7f7ded0a9000-7f7ded2a8000 ---p 00017000 08:01 5650288                    /usr/lib/jvm/java-8-openjdk-amd64/jre/lib/amd64/libnet.so
7f7ded2a8000-7f7ded2a9000 r--p 00016000 08:01 5650288                    /usr/lib/jvm/java-8-openjdk-amd64/jre/lib/amd64/libnet.so
7f7ded2a9000-7f7ded2aa000 rw-p 00017000 08:01 5650288                    /usr/lib/jvm/java-8-openjdk-amd64/jre/lib/amd64/libnet.so
7f7ded2aa000-7f7ded4aa000 rw-p 00000000 00:00 0 
7f7ded4aa000-7f7ded4ad000 ---p 00000000 00:00 0 
7f7ded4ad000-7f7ded5ab000 rw-p 00000000 00:00 0 
7f7ded5ab000-7f7ded5ae000 ---p 00000000 00:00 0 
7f7ded5ae000-7f7ded6ac000 rw-p 00000000 00:00 0 
7f7ded6ac000-7f7ded6af000 ---p 00000000 00:00 0 
7f7ded6af000-7f7ded7ad000 rw-p 00000000 00:00 0 
7f7ded7ad000-7f7ded7b0000 ---p 00000000 00:00 0 
7f7ded7b0000-7f7dedfae000 rw-p 00000000 00:00 0 
7f7dedfae000-7f7dedfc1000 r-xp 00000000 08:01 8393257                    /lib/x86_64-linux-gnu/libgpg-error.so.0.21.0
7f7dedfc1000-7f7dee1c0000 ---p 00013000 08:01 8393257                    /lib/x86_64-linux-gnu/libgpg-error.so.0.21.0
7f7dee1c0000-7f7dee1c1000 r--p 00012000 08:01 8393257                    /lib/x86_64-linux-gnu/libgpg-error.so.0.21.0
7f7dee1c1000-7f7dee1c2000 rw-p 00013000 08:01 8393257                    /lib/x86_64-linux-gnu/libgpg-error.so.0.21.0
7f7dee1c2000-7f7dee2c9000 r-xp 00000000 08:01 8393152                    /lib/x86_64-linux-gnu/libgcrypt.so.20.1.6
7f7dee2c9000-7f7dee4c9000 ---p 00107000 08:01 8393152                    /lib/x86_64-linux-gnu/libgcrypt.so.20.1.6
7f7dee4c9000-7f7dee4cb000 r--p 00107000 08:01 8393152                    /lib/x86_64-linux-gnu/libgcrypt.so.20.1.6
7f7dee4cb000-7f7dee4d2000 rw-p 00109000 08:01 8393152                    /lib/x86_64-linux-gnu/libgcrypt.so.20.1.6
7f7dee4d2000-7f7dee4e9000 r-xp 00000000 08:01 5645783                    /usr/lib/x86_64-linux-gnu/liblz4.so.1.7.1
7f7dee4e9000-7f7dee6e8000 ---p 00017000 08:01 5645783                    /usr/lib/x86_64-linux-gnu/liblz4.so.1.7.1
7f7dee6e8000-7f7dee6e9000 r--p 00016000 08:01 5645783                    /usr/lib/x86_64-linux-gnu/liblz4.so.1.7.1
7f7dee6e9000-7f7dee6ea000 rw-p 00017000 08:01 5645783                    /usr/lib/x86_64-linux-gnu/liblz4.so.1.7.1
7f7dee6ea000-7f7dee70e000 r-xp 00000000 08:01 8393276                    /lib/x86_64-linux-gnu/liblzma.so.5.2.2
7f7dee70e000-7f7dee90e000 ---p 00024000 08:01 8393276                    /lib/x86_64-linux-gnu/liblzma.so.5.2.2
7f7dee90e000-7f7dee90f000 r--p 00024000 08:01 8393276                    /lib/x86_64-linux-gnu/liblzma.so.5.2.2
7f7dee90f000-7f7dee910000 rw-p 00025000 08:01 8393276                    /lib/x86_64-linux-gnu/liblzma.so.5.2.2
7f7dee910000-7f7dee935000 r-xp 00000000 08:01 8393366                    /lib/x86_64-linux-gnu/libselinux.so.1
7f7dee935000-7f7deeb34000 ---p 00025000 08:01 8393366                    /lib/x86_64-linux-gnu/libselinux.so.1
7f7deeb34000-7f7deeb35000 r--p 00024000 08:01 8393366                    /lib/x86_64-linux-gnu/libselinux.so.1
7f7deeb35000-7f7deeb36000 rw-p 00025000 08:01 8393366                    /lib/x86_64-linux-gnu/libselinux.so.1
7f7deeb36000-7f7deeb38000 rw-p 00000000 00:00 0 
7f7deeb38000-7f7deebaa000 r-xp 00000000 08:01 8393339                    /lib/x86_64-linux-gnu/libpcre.so.3.13.3
7f7deebaa000-7f7deeda9000 ---p 00072000 08:01 8393339                    /lib/x86_64-linux-gnu/libpcre.so.3.13.3
7f7deeda9000-7f7deedaa000 r--p 00071000 08:01 8393339                    /lib/x86_64-linux-gnu/libpcre.so.3.13.3
7f7deedaa000-7f7deedab000 rw-p 00072000 08:01 8393339                    /lib/x86_64-linux-gnu/libpcre.so.3.13.3
7f7deedab000-7f7deedb2000 r-xp 00000000 08:01 5645327                    /usr/lib/x86_64-linux-gnu/libffi.so.6.0.4
7f7deedb2000-7f7deefb1000 ---p 00007000 08:01 5645327                    /usr/lib/x86_64-linux-gnu/libffi.so.6.0.4
7f7deefb1000-7f7deefb2000 r--p 00006000 08:01 5645327                    /usr/lib/x86_64-linux-gnu/libffi.so.6.0.4
7f7deefb2000-7f7deefb3000 rw-p 00007000 08:01 5645327                    /usr/lib/x86_64-linux-gnu/libffi.so.6.0.4
7f7deefb3000-7f7deeffd000 r-xp 00000000 08:01 8393229                    /lib/x86_64-linux-gnu/libdbus-1.so.3.14.7
7f7deeffd000-7f7def1fd000 ---p 0004a000 08:01 8393229                    /lib/x86_64-linux-gnu/libdbus-1.so.3.14.7
7f7def1fd000-7f7def1fe000 r--p 0004a000 08:01 8393229                    /lib/x86_64-linux-gnu/libdbus-1.so.3.14.7
7f7def1fe000-7f7def1ff000 rw-p 0004b000 08:01 8393229                    /lib/x86_64-linux-gnu/libdbus-1.so.3.14.7
7f7def1ff000-7f7def22b000 r-xp 00000000 08:01 5645036                    /usr/lib/x86_64-linux-gnu/libatspi.so.0.0.1
7f7def22b000-7f7def42a000 ---p 0002c000 08:01 5645036                    /usr/lib/x86_64-linux-gnu/libatspi.so.0.0.1
7f7def42a000-7f7def42d000 r--p 0002b000 08:01 5645036                    /usr/lib/x86_64-linux-gnu/libatspi.so.0.0.1
7f7def42d000-7f7def42e000 rw-p 0002e000 08:01 5645036                    /usr/lib/x86_64-linux-gnu/libatspi.so.0.0.1
7f7def42e000-7f7def53f000 r-xp 00000000 08:01 8393255                    /lib/x86_64-linux-gnu/libglib-2.0.so.0.5200.0
7f7def53f000-7f7def73f000 ---p 00111000 08:01 8393255                    /lib/x86_64-linux-gnu/libglib-2.0.so.0.5200.0
7f7def73f000-7f7def740000 r--p 00111000 08:01 8393255                    /lib/x86_64-linux-gnu/libglib-2.0.so.0.5200.0
7f7def740000-7f7def741000 rw-p 00112000 08:01 8393255                    /lib/x86_64-linux-gnu/libglib-2.0.so.0.5200.0
7f7def741000-7f7def742000 rw-p 00000000 00:00 0 
7f7def742000-7f7def793000 r-xp 00000000 08:01 5645488                    /usr/lib/x86_64-linux-gnu/libgobject-2.0.so.0.5200.0
7f7def793000-7f7def993000 ---p 00051000 08:01 5645488                    /usr/lib/x86_64-linux-gnu/libgobject-2.0.so.0.5200.0
7f7def993000-7f7def994000 r--p 00051000 08:01 5645488                    /usr/lib/x86_64-linux-gnu/libgobject-2.0.so.0.5200.0
7f7def994000-7f7def995000 rw-p 00052000 08:01 5645488                    /usr/lib/x86_64-linux-gnu/libgobject-2.0.so.0.5200.0
7f7def995000-7f7def9c2000 r-xp 00000000 08:01 5645030                    /usr/lib/x86_64-linux-gnu/libatk-bridge-2.0.so.0.0.0
7f7def9c2000-7f7defbc1000 ---p 0002d000 08:01 5645030                    /usr/lib/x86_64-linux-gnu/libatk-bridge-2.0.so.0.0.0
7f7defbc1000-7f7defbc2000 r--p 0002c000 08:01 5645030                    /usr/lib/x86_64-linux-gnu/libatk-bridge-2.0.so.0.0.0
7f7defbc2000-7f7defbc4000 rw-p 0002d000 08:01 5645030                    /usr/lib/x86_64-linux-gnu/libatk-bridge-2.0.so.0.0.0
7f7defbc4000-7f7defbe6000 r-xp 00000000 08:01 5645028                    /usr/lib/x86_64-linux-gnu/libatk-1.0.so.0.22209.1
7f7defbe6000-7f7defde5000 ---p 00022000 08:01 5645028                    /usr/lib/x86_64-linux-gnu/libatk-1.0.so.0.22209.1
7f7defde5000-7f7defde8000 r--p 00021000 08:01 5645028                    /usr/lib/x86_64-linux-gnu/libatk-1.0.so.0.22209.1
7f7defde8000-7f7defde9000 rw-p 00024000 08:01 5645028                    /usr/lib/x86_64-linux-gnu/libatk-1.0.so.0.22209.1
7f7defde9000-7f7defdff000 r-xp 00000000 08:01 5650480                    /usr/lib/x86_64-linux-gnu/jni/libatk-wrapper.so.6.0.0
7f7defdff000-7f7defffe000 ---p 00016000 08:01 5650480                    /usr/lib/x86_64-linux-gnu/jni/libatk-wrapper.so.6.0.0
7f7defffe000-7f7deffff000 r--p 00015000 08:01 5650480                    /usr/lib/x86_64-linux-gnu/jni/libatk-wrapper.so.6.0.0
7f7deffff000-7f7df0000000 rw-p 00016000 08:01 5650480                    /usr/lib/x86_64-linux-gnu/jni/libatk-wrapper.so.6.0.0
7f7df0000000-7f7df0021000 rw-p 00000000 00:00 0 
7f7df0021000-7f7df4000000 ---p 00000000 00:00 0 
7f7df4000000-7f7df4021000 rw-p 00000000 00:00 0 
7f7df4021000-7f7df8000000 ---p 00000000 00:00 0 
7f7df8000000-7f7df8021000 rw-p 00000000 00:00 0 
7f7df8021000-7f7dfc000000 ---p 00000000 00:00 0 
7f7dfc000000-7f7dfc021000 rw-p 00000000 00:00 0 
7f7dfc021000-7f7e00000000 ---p 00000000 00:00 0 
7f7e00000000-7f7e007ab000 rw-p 00000000 00:00 0 
7f7e007ab000-7f7e04000000 ---p 00000000 00:00 0 
7f7e04000000-7f7e04021000 rw-p 00000000 00:00 0 
7f7e04021000-7f7e08000000 ---p 00000000 00:00 0 
7f7e08000000-7f7e08e02000 rw-p 00000000 00:00 0 
7f7e08e02000-7f7e0c000000 ---p 00000000 00:00 0 
7f7e0c000000-7f7e0d6b8000 rw-p 00000000 00:00 0 
7f7e0d6b8000-7f7e10000000 ---p 00000000 00:00 0 
7f7e10000000-7f7e10021000 rw-p 00000000 00:00 0 
7f7e10021000-7f7e14000000 ---p 00000000 00:00 0 
7f7e14000000-7f7e14021000 rw-p 00000000 00:00 0 
7f7e14021000-7f7e18000000 ---p 00000000 00:00 0 
7f7e18000000-7f7e18021000 rw-p 00000000 00:00 0 
7f7e18021000-7f7e1c000000 ---p 00000000 00:00 0 
7f7e1c000000-7f7e1c021000 rw-p 00000000 00:00 0 
7f7e1c021000-7f7e20000000 ---p 00000000 00:00 0 
7f7e20000000-7f7e20021000 rw-p 00000000 00:00 0 
7f7e20021000-7f7e24000000 ---p 00000000 00:00 0 
7f7e24000000-7f7e24006000 r--s 00000000 08:01 9306179                    /var/cache/fontconfig/3047814df9a2f067bd2d96a2b9c36e5a-le64.cache-6
7f7e24006000-7f7e24019000 r--s 00000000 08:01 9306205                    /var/cache/fontconfig/d52a8644073d54c13679302ca1180695-le64.cache-6
7f7e24019000-7f7e24025000 r--s 00000000 08:01 9313237                    /var/cache/fontconfig/d589a48862398ed80a3d6066f4f56f4c-le64.cache-6
7f7e24025000-7f7e240a8000 r-xp 00000000 08:01 8388623                    /lib/x86_64-linux-gnu/libsystemd.so.0.17.0
7f7e240a8000-7f7e240ab000 r--p 00082000 08:01 8388623                    /lib/x86_64-linux-gnu/libsystemd.so.0.17.0
7f7e240ab000-7f7e240ac000 rw-p 00085000 08:01 8388623                    /lib/x86_64-linux-gnu/libsystemd.so.0.17.0
7f7e240ac000-7f7e240ad000 rw-p 00000000 00:00 0 
7f7e240ad000-7f7e240b3000 r--s 00000000 08:01 9306199                    /var/cache/fontconfig/b47c4e1ecd0709278f4910c18777a504-le64.cache-6
7f7e240cb000-7f7e240ce000 ---p 00000000 00:00 0 
7f7e240ce000-7f7e241cc000 rw-p 00000000 00:00 0 
7f7e241cc000-7f7e241d1000 r-xp 00000000 08:01 5644941                    /usr/lib/x86_64-linux-gnu/libXfixes.so.3.1.0
7f7e241d1000-7f7e243d0000 ---p 00005000 08:01 5644941                    /usr/lib/x86_64-linux-gnu/libXfixes.so.3.1.0
7f7e243d0000-7f7e243d1000 r--p 00004000 08:01 5644941                    /usr/lib/x86_64-linux-gnu/libXfixes.so.3.1.0
7f7e243d1000-7f7e243d2000 rw-p 00005000 08:01 5644941                    /usr/lib/x86_64-linux-gnu/libXfixes.so.3.1.0
7f7e243d2000-7f7e243db000 r-xp 00000000 08:01 5644933                    /usr/lib/x86_64-linux-gnu/libXcursor.so.1.0.2
7f7e243db000-7f7e245da000 ---p 00009000 08:01 5644933                    /usr/lib/x86_64-linux-gnu/libXcursor.so.1.0.2
7f7e245da000-7f7e245db000 r--p 00008000 08:01 5644933                    /usr/lib/x86_64-linux-gnu/libXcursor.so.1.0.2
7f7e245db000-7f7e245dc000 rw-p 00009000 08:01 5644933                    /usr/lib/x86_64-linux-gnu/libXcursor.so.1.0.2
7f7e245dc000-7f7e245df000 ---p 00000000 00:00 0 
7f7e245df000-7f7e246dd000 rw-p 00000000 00:00 0 
7f7e246dd000-7f7e2470d000 r-xp 00000000 08:01 5645986                    /usr/lib/x86_64-linux-gnu/libpng16.so.16.28.0
7f7e2470d000-7f7e2490d000 ---p 00030000 08:01 5645986                    /usr/lib/x86_64-linux-gnu/libpng16.so.16.28.0
7f7e2490d000-7f7e2490e000 r--p 00030000 08:01 5645986                    /usr/lib/x86_64-linux-gnu/libpng16.so.16.28.0
7f7e2490e000-7f7e2490f000 rw-p 00031000 08:01 5645986                    /usr/lib/x86_64-linux-gnu/libpng16.so.16.28.0
7f7e2490f000-7f7e249b6000 r-xp 00000000 08:01 5636248                    /usr/lib/x86_64-linux-gnu/libfreetype.so.6.12.3
7f7e249b6000-7f7e24bb5000 ---p 000a7000 08:01 5636248                    /usr/lib/x86_64-linux-gnu/libfreetype.so.6.12.3
7f7e24bb5000-7f7e24bbb000 r--p 000a6000 08:01 5636248                    /usr/lib/x86_64-linux-gnu/libfreetype.so.6.12.3
7f7e24bbb000-7f7e24bbc000 rw-p 000ac000 08:01 5636248                    /usr/lib/x86_64-linux-gnu/libfreetype.so.6.12.3
7f7e24bbc000-7f7e24c0e000 r-xp 00000000 08:01 5650270                    /usr/lib/jvm/java-8-openjdk-amd64/jre/lib/amd64/libfontmanager.so
7f7e24c0e000-7f7e24e0e000 ---p 00052000 08:01 5650270                    /usr/lib/jvm/java-8-openjdk-amd64/jre/lib/amd64/libfontmanager.so
7f7e24e0e000-7f7e24e10000 r--p 00052000 08:01 5650270                    /usr/lib/jvm/java-8-openjdk-amd64/jre/lib/amd64/libfontmanager.so
7f7e24e10000-7f7e24e11000 rw-p 00054000 08:01 5650270                    /usr/lib/jvm/java-8-openjdk-amd64/jre/lib/amd64/libfontmanager.so
7f7e24e11000-7f7e24e16000 r-xp 00000000 08:01 5644937                    /usr/lib/x86_64-linux-gnu/libXdmcp.so.6.0.0
7f7e24e16000-7f7e25015000 ---p 00005000 08:01 5644937                    /usr/lib/x86_64-linux-gnu/libXdmcp.so.6.0.0
7f7e25015000-7f7e25016000 r--p 00004000 08:01 5644937                    /usr/lib/x86_64-linux-gnu/libXdmcp.so.6.0.0
7f7e25016000-7f7e25017000 rw-p 00005000 08:01 5644937                    /usr/lib/x86_64-linux-gnu/libXdmcp.so.6.0.0
7f7e25017000-7f7e25019000 r-xp 00000000 08:01 5644926                    /usr/lib/x86_64-linux-gnu/libXau.so.6.0.0
7f7e25019000-7f7e25219000 ---p 00002000 08:01 5644926                    /usr/lib/x86_64-linux-gnu/libXau.so.6.0.0
7f7e25219000-7f7e2521a000 r--p 00002000 08:01 5644926                    /usr/lib/x86_64-linux-gnu/libXau.so.6.0.0
7f7e2521a000-7f7e2521b000 rw-p 00003000 08:01 5644926                    /usr/lib/x86_64-linux-gnu/libXau.so.6.0.0
7f7e2521b000-7f7e2523c000 r-xp 00000000 08:01 5646479                    /usr/lib/x86_64-linux-gnu/libxcb.so.1.1.0
7f7e2523c000-7f7e2543b000 ---p 00021000 08:01 5646479                    /usr/lib/x86_64-linux-gnu/libxcb.so.1.1.0
7f7e2543b000-7f7e2543c000 r--p 00020000 08:01 5646479                    /usr/lib/x86_64-linux-gnu/libxcb.so.1.1.0
7f7e2543c000-7f7e2543d000 rw-p 00021000 08:01 5646479                    /usr/lib/x86_64-linux-gnu/libxcb.so.1.1.0
7f7e2543d000-7f7e2544c000 r-xp 00000000 08:01 5644949                    /usr/lib/x86_64-linux-gnu/libXi.so.6.1.0
7f7e2544c000-7f7e2564b000 ---p 0000f000 08:01 5644949                    /usr/lib/x86_64-linux-gnu/libXi.so.6.1.0
7f7e2564b000-7f7e2564c000 r--p 0000e000 08:01 5644949                    /usr/lib/x86_64-linux-gnu/libXi.so.6.1.0
7f7e2564c000-7f7e2564d000 rw-p 0000f000 08:01 5644949                    /usr/lib/x86_64-linux-gnu/libXi.so.6.1.0
7f7e2564d000-7f7e25652000 r-xp 00000000 08:01 5644967                    /usr/lib/x86_64-linux-gnu/libXtst.so.6.1.0
7f7e25652000-7f7e25851000 ---p 00005000 08:01 5644967                    /usr/lib/x86_64-linux-gnu/libXtst.so.6.1.0
7f7e25851000-7f7e25852000 r--p 00004000 08:01 5644967                    /usr/lib/x86_64-linux-gnu/libXtst.so.6.1.0
7f7e25852000-7f7e25853000 rw-p 00005000 08:01 5644967                    /usr/lib/x86_64-linux-gnu/libXtst.so.6.1.0
7f7e25853000-7f7e2585c000 r-xp 00000000 08:01 5644961                    /usr/lib/x86_64-linux-gnu/libXrender.so.1.3.0
7f7e2585c000-7f7e25a5b000 ---p 00009000 08:01 5644961                    /usr/lib/x86_64-linux-gnu/libXrender.so.1.3.0
7f7e25a5b000-7f7e25a5c000 r--p 00008000 08:01 5644961                    /usr/lib/x86_64-linux-gnu/libXrender.so.1.3.0
7f7e25a5c000-7f7e25a5d000 rw-p 00009000 08:01 5644961                    /usr/lib/x86_64-linux-gnu/libXrender.so.1.3.0
7f7e25a5d000-7f7e25b91000 r-xp 00000000 08:01 5644922                    /usr/lib/x86_64-linux-gnu/libX11.so.6.3.0
7f7e25b91000-7f7e25d91000 ---p 00134000 08:01 5644922                    /usr/lib/x86_64-linux-gnu/libX11.so.6.3.0
7f7e25d91000-7f7e25d92000 r--p 00134000 08:01 5644922                    /usr/lib/x86_64-linux-gnu/libX11.so.6.3.0
7f7e25d92000-7f7e25d96000 rw-p 00135000 08:01 5644922                    /usr/lib/x86_64-linux-gnu/libX11.so.6.3.0
7f7e25d96000-7f7e25da7000 r-xp 00000000 08:01 5644939                    /usr/lib/x86_64-linux-gnu/libXext.so.6.4.0
7f7e25da7000-7f7e25fa6000 ---p 00011000 08:01 5644939                    /usr/lib/x86_64-linux-gnu/libXext.so.6.4.0
7f7e25fa6000-7f7e25fa7000 r--p 00010000 08:01 5644939                    /usr/lib/x86_64-linux-gnu/libXext.so.6.4.0
7f7e25fa7000-7f7e25fa8000 rw-p 00011000 08:01 5644939                    /usr/lib/x86_64-linux-gnu/libXext.so.6.4.0
7f7e25fa8000-7f7e25ffc000 r-xp 00000000 08:01 5650268                    /usr/lib/jvm/java-8-openjdk-amd64/jre/lib/amd64/libawt_xawt.so
7f7e25ffc000-7f7e261fb000 ---p 00054000 08:01 5650268                    /usr/lib/jvm/java-8-openjdk-amd64/jre/lib/amd64/libawt_xawt.so
7f7e261fb000-7f7e261fc000 r--p 00053000 08:01 5650268                    /usr/lib/jvm/java-8-openjdk-amd64/jre/lib/amd64/libawt_xawt.so
7f7e261fc000-7f7e261ff000 rw-p 00054000 08:01 5650268                    /usr/lib/jvm/java-8-openjdk-amd64/jre/lib/amd64/libawt_xawt.so
7f7e261ff000-7f7e28000000 rw-p 00000000 00:00 0 
7f7e28000000-7f7e28021000 rw-p 00000000 00:00 0 
7f7e28021000-7f7e2c000000 ---p 00000000 00:00 0 
7f7e2c000000-7f7e2c021000 rw-p 00000000 00:00 0 
7f7e2c021000-7f7e30000000 ---p 00000000 00:00 0 
7f7e30000000-7f7e30021000 rw-p 00000000 00:00 0 
7f7e30021000-7f7e34000000 ---p 00000000 00:00 0 
7f7e34000000-7f7e34012000 r--s 00000000 08:01 9306197                    /var/cache/fontconfig/9b89f8e3dae116d678bbf48e5f21f69b-le64.cache-6
7f7e34012000-7f7e34015000 ---p 00000000 00:00 0 
7f7e34015000-7f7e3404b000 rw-p 00000000 00:00 0 
7f7e3404b000-7f7e340eb000 r-xp 00000000 08:01 5650266                    /usr/lib/jvm/java-8-openjdk-amd64/jre/lib/amd64/libawt.so
7f7e340eb000-7f7e342ea000 ---p 000a0000 08:01 5650266                    /usr/lib/jvm/java-8-openjdk-amd64/jre/lib/amd64/libawt.so
7f7e342ea000-7f7e342eb000 r--p 0009f000 08:01 5650266                    /usr/lib/jvm/java-8-openjdk-amd64/jre/lib/amd64/libawt.so
7f7e342eb000-7f7e342f6000 rw-p 000a0000 08:01 5650266                    /usr/lib/jvm/java-8-openjdk-amd64/jre/lib/amd64/libawt.so
7f7e342f6000-7f7e3431b000 rw-p 00000000 00:00 0 
7f7e3431b000-7f7e3431c000 ---p 00000000 00:00 0 
7f7e3431c000-7f7e3441c000 rw-p 00000000 00:00 0 
7f7e3441c000-7f7e3441f000 ---p 00000000 00:00 0 
7f7e3441f000-7f7e3451d000 rw-p 00000000 00:00 0 
7f7e3451d000-7f7e34520000 ---p 00000000 00:00 0 
7f7e34520000-7f7e3461e000 rw-p 00000000 00:00 0 
7f7e3461e000-7f7e34621000 ---p 00000000 00:00 0 
7f7e34621000-7f7e3471f000 rw-p 00000000 00:00 0 
7f7e3471f000-7f7e34722000 ---p 00000000 00:00 0 
7f7e34722000-7f7e34820000 rw-p 00000000 00:00 0 
7f7e34820000-7f7e34823000 ---p 00000000 00:00 0 
7f7e34823000-7f7e34921000 rw-p 00000000 00:00 0 
7f7e34921000-7f7e34bfc000 r--p 00000000 08:01 5636739                    /usr/lib/locale/locale-archive
7f7e34bfc000-7f7e34bff000 ---p 00000000 00:00 0 
7f7e34bff000-7f7e34cfd000 rw-p 00000000 00:00 0 
7f7e34cfd000-7f7e34d00000 ---p 00000000 00:00 0 
7f7e34d00000-7f7e34dfe000 rw-p 00000000 00:00 0 
7f7e34dfe000-7f7e34dff000 ---p 00000000 00:00 0 
7f7e34dff000-7f7e35000000 rw-p 00000000 00:00 0 
7f7e35000000-7f7e35570000 rwxp 00000000 00:00 0 
7f7e35570000-7f7e44000000 ---p 00000000 00:00 0 
7f7e44000000-7f7e44511000 rw-p 00000000 00:00 0 
7f7e44511000-7f7e48000000 ---p 00000000 00:00 0 
7f7e48000000-7f7e48001000 r--s 00000000 08:01 9306201                    /var/cache/fontconfig/bab58bb527bb656aaa9f116d68a48d89-le64.cache-6
7f7e48001000-7f7e48002000 r--s 00000000 08:01 9306187                    /var/cache/fontconfig/56cf4f4769d0f4abc89a4895d7bd3ae1-le64.cache-6
7f7e48002000-7f7e48003000 r--s 00000000 08:01 9306200                    /var/cache/fontconfig/b9d506c9ac06c20b433354fa67a72993-le64.cache-6
7f7e48003000-7f7e48004000 r--s 00000000 08:01 9306186                    /var/cache/fontconfig/551ecf3b0e8b0bca0f25c0944f561853-le64.cache-6
7f7e48004000-7f7e48005000 r--s 00000000 08:01 9306183                    /var/cache/fontconfig/3f7329c5293ffd510edef78f73874cfd-le64.cache-6
7f7e48005000-7f7e48006000 r--s 00000000 08:01 9306180                    /var/cache/fontconfig/30829fa25452a46451e813d634d7f916-le64.cache-6
7f7e48006000-7f7e48007000 r--s 00000000 08:01 9306174                    /var/cache/fontconfig/0c9eb80ebd1c36541ebe2852d3bb0c49-le64.cache-6
7f7e48007000-7f7e4800a000 r--s 00000000 08:01 9306209                    /var/cache/fontconfig/e13b20fdb08344e0e664864cc2ede53d-le64.cache-6
7f7e4800a000-7f7e4800e000 r--s 00000000 08:01 9306202                    /var/cache/fontconfig/7ef2298fde41cc6eeb7af42e48b7d293-le64.cache-6
7f7e4800e000-7f7e48021000 r--s 00346000 08:01 5650338                    /usr/lib/jvm/java-8-openjdk-amd64/jre/lib/resources.jar
7f7e48021000-7f7e48026000 r--s 0003b000 08:01 5650317                    /usr/lib/jvm/java-8-openjdk-amd64/jre/lib/ext/sunjce_provider.jar
7f7e48026000-7f7e48030000 r--s 00116000 08:01 5650314                    /usr/lib/jvm/java-8-openjdk-amd64/jre/lib/ext/localedata.jar
7f7e48030000-7f7e48032000 r--s 00007000 08:01 6167946                    /usr/share/java/java-atk-wrapper.jar
7f7e48032000-7f7e48036000 r--s 00037000 08:01 5650318                    /usr/lib/jvm/java-8-openjdk-amd64/jre/lib/ext/sunpkcs11.jar
7f7e48036000-7f7e48051000 r--s 00394000 08:01 5650310                    /usr/lib/jvm/java-8-openjdk-amd64/jre/lib/ext/cldrdata.jar
7f7e48051000-7f7e4806c000 r--s 001d6000 08:01 5650315                    /usr/lib/jvm/java-8-openjdk-amd64/jre/lib/ext/nashorn.jar
7f7e4806c000-7f7e48f1f000 rw-p 00000000 00:00 0 
7f7e48f1f000-7f7e490ed000 r--s 03c13000 08:01 5650339                    /usr/lib/jvm/java-8-openjdk-amd64/jre/lib/rt.jar
7f7e490ed000-7f7e49b43000 rw-p 00000000 00:00 0 
7f7e49b43000-7f7e49b44000 ---p 00000000 00:00 0 
7f7e49b44000-7f7e49c44000 rw-p 00000000 00:00 0 
7f7e49c44000-7f7e49c45000 ---p 00000000 00:00 0 
7f7e49c45000-7f7e49d45000 rw-p 00000000 00:00 0 
7f7e49d45000-7f7e49d46000 ---p 00000000 00:00 0 
7f7e49d46000-7f7e49e46000 rw-p 00000000 00:00 0 
7f7e49e46000-7f7e49e47000 ---p 00000000 00:00 0 
7f7e49e47000-7f7e49f5b000 rw-p 00000000 00:00 0 
7f7e49f5b000-7f7e4a087000 ---p 00000000 00:00 0 
7f7e4a087000-7f7e4a09b000 rw-p 00000000 00:00 0 
7f7e4a09b000-7f7e4a1c7000 ---p 00000000 00:00 0 
7f7e4a1c7000-7f7e4a1d0000 rw-p 00000000 00:00 0 
7f7e4a1d0000-7f7e4a267000 ---p 00000000 00:00 0 
7f7e4a267000-7f7e4a27e000 rw-p 00000000 00:00 0 
7f7e4a27e000-7f7e4a628000 ---p 00000000 00:00 0 
7f7e4a628000-7f7e4a630000 r-xp 00000000 08:01 5650296                    /usr/lib/jvm/java-8-openjdk-amd64/jre/lib/amd64/libzip.so
7f7e4a630000-7f7e4a82f000 ---p 00008000 08:01 5650296                    /usr/lib/jvm/java-8-openjdk-amd64/jre/lib/amd64/libzip.so
7f7e4a82f000-7f7e4a830000 r--p 00007000 08:01 5650296                    /usr/lib/jvm/java-8-openjdk-amd64/jre/lib/amd64/libzip.so
7f7e4a830000-7f7e4a831000 rw-p 00008000 08:01 5650296                    /usr/lib/jvm/java-8-openjdk-amd64/jre/lib/amd64/libzip.so
7f7e4a831000-7f7e4a83c000 r-xp 00000000 08:01 8394825                    /lib/x86_64-linux-gnu/libnss_files-2.24.so
7f7e4a83c000-7f7e4aa3b000 ---p 0000b000 08:01 8394825                    /lib/x86_64-linux-gnu/libnss_files-2.24.so
7f7e4aa3b000-7f7e4aa3c000 r--p 0000a000 08:01 8394825                    /lib/x86_64-linux-gnu/libnss_files-2.24.so
7f7e4aa3c000-7f7e4aa3d000 rw-p 0000b000 08:01 8394825                    /lib/x86_64-linux-gnu/libnss_files-2.24.so
7f7e4aa3d000-7f7e4aa43000 rw-p 00000000 00:00 0 
7f7e4aa43000-7f7e4aa4e000 r-xp 00000000 08:01 8394827                    /lib/x86_64-linux-gnu/libnss_nis-2.24.so
7f7e4aa4e000-7f7e4ac4d000 ---p 0000b000 08:01 8394827                    /lib/x86_64-linux-gnu/libnss_nis-2.24.so
7f7e4ac4d000-7f7e4ac4e000 r--p 0000a000 08:01 8394827                    /lib/x86_64-linux-gnu/libnss_nis-2.24.so
7f7e4ac4e000-7f7e4ac4f000 rw-p 0000b000 08:01 8394827                    /lib/x86_64-linux-gnu/libnss_nis-2.24.so
7f7e4ac4f000-7f7e4ac65000 r-xp 00000000 08:01 8394822                    /lib/x86_64-linux-gnu/libnsl-2.24.so
7f7e4ac65000-7f7e4ae64000 ---p 00016000 08:01 8394822                    /lib/x86_64-linux-gnu/libnsl-2.24.so
7f7e4ae64000-7f7e4ae65000 r--p 00015000 08:01 8394822                    /lib/x86_64-linux-gnu/libnsl-2.24.so
7f7e4ae65000-7f7e4ae66000 rw-p 00016000 08:01 8394822                    /lib/x86_64-linux-gnu/libnsl-2.24.so
7f7e4ae66000-7f7e4ae68000 rw-p 00000000 00:00 0 
7f7e4ae68000-7f7e4ae70000 r-xp 00000000 08:01 8394823                    /lib/x86_64-linux-gnu/libnss_compat-2.24.so
7f7e4ae70000-7f7e4b06f000 ---p 00008000 08:01 8394823                    /lib/x86_64-linux-gnu/libnss_compat-2.24.so
7f7e4b06f000-7f7e4b070000 r--p 00007000 08:01 8394823                    /lib/x86_64-linux-gnu/libnss_compat-2.24.so
7f7e4b070000-7f7e4b071000 rw-p 00008000 08:01 8394823                    /lib/x86_64-linux-gnu/libnss_compat-2.24.so
7f7e4b071000-7f7e4b09e000 r-xp 00000000 08:01 5650277                    /usr/lib/jvm/java-8-openjdk-amd64/jre/lib/amd64/libjava.so
7f7e4b09e000-7f7e4b29d000 ---p 0002d000 08:01 5650277                    /usr/lib/jvm/java-8-openjdk-amd64/jre/lib/amd64/libjava.so
7f7e4b29d000-7f7e4b29e000 r--p 0002c000 08:01 5650277                    /usr/lib/jvm/java-8-openjdk-amd64/jre/lib/amd64/libjava.so
7f7e4b29e000-7f7e4b2a0000 rw-p 0002d000 08:01 5650277                    /usr/lib/jvm/java-8-openjdk-amd64/jre/lib/amd64/libjava.so
7f7e4b2a0000-7f7e4b2af000 r-xp 00000000 08:01 5650295                    /usr/lib/jvm/java-8-openjdk-amd64/jre/lib/amd64/libverify.so
7f7e4b2af000-7f7e4b4af000 ---p 0000f000 08:01 5650295                    /usr/lib/jvm/java-8-openjdk-amd64/jre/lib/amd64/libverify.so
7f7e4b4af000-7f7e4b4b1000 r--p 0000f000 08:01 5650295                    /usr/lib/jvm/java-8-openjdk-amd64/jre/lib/amd64/libverify.so
7f7e4b4b1000-7f7e4b4b2000 rw-p 00011000 08:01 5650295                    /usr/lib/jvm/java-8-openjdk-amd64/jre/lib/amd64/libverify.so
7f7e4b4b2000-7f7e4b4b9000 r-xp 00000000 08:01 8394832                    /lib/x86_64-linux-gnu/librt-2.24.so
7f7e4b4b9000-7f7e4b6b8000 ---p 00007000 08:01 8394832                    /lib/x86_64-linux-gnu/librt-2.24.so
7f7e4b6b8000-7f7e4b6b9000 r--p 00006000 08:01 8394832                    /lib/x86_64-linux-gnu/librt-2.24.so
7f7e4b6b9000-7f7e4b6ba000 rw-p 00007000 08:01 8394832                    /lib/x86_64-linux-gnu/librt-2.24.so
7f7e4b6ba000-7f7e4b6d0000 r-xp 00000000 08:01 8393251                    /lib/x86_64-linux-gnu/libgcc_s.so.1
7f7e4b6d0000-7f7e4b8cf000 ---p 00016000 08:01 8393251                    /lib/x86_64-linux-gnu/libgcc_s.so.1
7f7e4b8cf000-7f7e4b8d0000 r--p 00015000 08:01 8393251                    /lib/x86_64-linux-gnu/libgcc_s.so.1
7f7e4b8d0000-7f7e4b8d1000 rw-p 00016000 08:01 8393251                    /lib/x86_64-linux-gnu/libgcc_s.so.1
7f7e4b8d1000-7f7e4b9d9000 r-xp 00000000 08:01 8394819                    /lib/x86_64-linux-gnu/libm-2.24.so
7f7e4b9d9000-7f7e4bbd8000 ---p 00108000 08:01 8394819                    /lib/x86_64-linux-gnu/libm-2.24.so
7f7e4bbd8000-7f7e4bbd9000 r--p 00107000 08:01 8394819                    /lib/x86_64-linux-gnu/libm-2.24.so
7f7e4bbd9000-7f7e4bbda000 rw-p 00108000 08:01 8394819                    /lib/x86_64-linux-gnu/libm-2.24.so
7f7e4bbda000-7f7e4bd53000 r-xp 00000000 08:01 5646173                    /usr/lib/x86_64-linux-gnu/libstdc++.so.6.0.22
7f7e4bd53000-7f7e4bf52000 ---p 00179000 08:01 5646173                    /usr/lib/x86_64-linux-gnu/libstdc++.so.6.0.22
7f7e4bf52000-7f7e4bf5c000 r--p 00178000 08:01 5646173                    /usr/lib/x86_64-linux-gnu/libstdc++.so.6.0.22
7f7e4bf5c000-7f7e4bf5e000 rw-p 00182000 08:01 5646173                    /usr/lib/x86_64-linux-gnu/libstdc++.so.6.0.22
7f7e4bf5e000-7f7e4bf62000 rw-p 00000000 00:00 0 
7f7e4bf62000-7f7e4cbbc000 r-xp 00000000 08:01 5650299                    /usr/lib/jvm/java-8-openjdk-amd64/jre/lib/amd64/server/libjvm.so
7f7e4cbbc000-7f7e4cdbb000 ---p 00c5a000 08:01 5650299                    /usr/lib/jvm/java-8-openjdk-amd64/jre/lib/amd64/server/libjvm.so
7f7e4cdbb000-7f7e4ce4e000 r--p 00c59000 08:01 5650299                    /usr/lib/jvm/java-8-openjdk-amd64/jre/lib/amd64/server/libjvm.so
7f7e4ce4e000-7f7e4ce77000 rw-p 00cec000 08:01 5650299                    /usr/lib/jvm/java-8-openjdk-amd64/jre/lib/amd64/server/libjvm.so
7f7e4ce77000-7f7e4cea7000 rw-p 00000000 00:00 0 
7f7e4cea7000-7f7e4cebf000 r-xp 00000000 08:01 8394830                    /lib/x86_64-linux-gnu/libpthread-2.24.so
7f7e4cebf000-7f7e4d0bf000 ---p 00018000 08:01 8394830                    /lib/x86_64-linux-gnu/libpthread-2.24.so
7f7e4d0bf000-7f7e4d0c0000 r--p 00018000 08:01 8394830                    /lib/x86_64-linux-gnu/libpthread-2.24.so
7f7e4d0c0000-7f7e4d0c1000 rw-p 00019000 08:01 8394830                    /lib/x86_64-linux-gnu/libpthread-2.24.so
7f7e4d0c1000-7f7e4d0c5000 rw-p 00000000 00:00 0 
7f7e4d0c5000-7f7e4d0c8000 r-xp 00000000 08:01 8394818                    /lib/x86_64-linux-gnu/libdl-2.24.so
7f7e4d0c8000-7f7e4d2c7000 ---p 00003000 08:01 8394818                    /lib/x86_64-linux-gnu/libdl-2.24.so
7f7e4d2c7000-7f7e4d2c8000 r--p 00002000 08:01 8394818                    /lib/x86_64-linux-gnu/libdl-2.24.so
7f7e4d2c8000-7f7e4d2c9000 rw-p 00003000 08:01 8394818                    /lib/x86_64-linux-gnu/libdl-2.24.so
7f7e4d2c9000-7f7e4d2e4000 r-xp 00000000 08:01 8393394                    /lib/x86_64-linux-gnu/libz.so.1.2.11
7f7e4d2e4000-7f7e4d4e3000 ---p 0001b000 08:01 8393394                    /lib/x86_64-linux-gnu/libz.so.1.2.11
7f7e4d4e3000-7f7e4d4e4000 r--p 0001a000 08:01 8393394                    /lib/x86_64-linux-gnu/libz.so.1.2.11
7f7e4d4e4000-7f7e4d4e5000 rw-p 0001b000 08:01 8393394                    /lib/x86_64-linux-gnu/libz.so.1.2.11
7f7e4d4e5000-7f7e4d6a3000 r-xp 00000000 08:01 8394815                    /lib/x86_64-linux-gnu/libc-2.24.so
7f7e4d6a3000-7f7e4d8a2000 ---p 001be000 08:01 8394815                    /lib/x86_64-linux-gnu/libc-2.24.so
7f7e4d8a2000-7f7e4d8a6000 r--p 001bd000 08:01 8394815                    /lib/x86_64-linux-gnu/libc-2.24.so
7f7e4d8a6000-7f7e4d8a8000 rw-p 001c1000 08:01 8394815                    /lib/x86_64-linux-gnu/libc-2.24.so
7f7e4d8a8000-7f7e4d8ac000 rw-p 00000000 00:00 0 
7f7e4d8ac000-7f7e4d8b9000 r-xp 00000000 08:01 5650263                    /usr/lib/jvm/java-8-openjdk-amd64/jre/lib/amd64/jli/libjli.so
7f7e4d8b9000-7f7e4dab9000 ---p 0000d000 08:01 5650263                    /usr/lib/jvm/java-8-openjdk-amd64/jre/lib/amd64/jli/libjli.so
7f7e4dab9000-7f7e4daba000 r--p 0000d000 08:01 5650263                    /usr/lib/jvm/java-8-openjdk-amd64/jre/lib/amd64/jli/libjli.so
7f7e4daba000-7f7e4dabb000 rw-p 0000e000 08:01 5650263                    /usr/lib/jvm/java-8-openjdk-amd64/jre/lib/amd64/jli/libjli.so
7f7e4dabb000-7f7e4dae1000 r-xp 00000000 08:01 8394811                    /lib/x86_64-linux-gnu/ld-2.24.so
7f7e4dae1000-7f7e4dae2000 r--s 00010000 08:01 5650319                    /usr/lib/jvm/java-8-openjdk-amd64/jre/lib/ext/zipfs.jar
7f7e4dae2000-7f7e4dae5000 r--s 0000f000 08:01 5650312                    /usr/lib/jvm/java-8-openjdk-amd64/jre/lib/ext/icedtea-sound.jar
7f7e4dae5000-7f7e4dae7000 r--s 00008000 08:01 5650316                    /usr/lib/jvm/java-8-openjdk-amd64/jre/lib/ext/sunec.jar
7f7e4dae7000-7f7e4dae9000 r--s 00001000 08:01 5650311                    /usr/lib/jvm/java-8-openjdk-amd64/jre/lib/ext/dnsns.jar
7f7e4dae9000-7f7e4dbba000 rw-p 00000000 00:00 0 
7f7e4dbba000-7f7e4dbbd000 ---p 00000000 00:00 0 
7f7e4dbbd000-7f7e4dcbf000 rw-p 00000000 00:00 0 
7f7e4dcbf000-7f7e4dcc0000 r--s 0000a000 08:01 5650313                    /usr/lib/jvm/java-8-openjdk-amd64/jre/lib/ext/jaccess.jar
7f7e4dcc0000-7f7e4dcd3000 rw-p 00000000 00:00 0 
7f7e4dcd3000-7f7e4dcdb000 rw-s 00000000 08:01 8519712                    /tmp/hsperfdata_admin1/7061
7f7e4dcdb000-7f7e4dcdc000 rw-p 00000000 00:00 0 
7f7e4dcdc000-7f7e4dcdd000 r--p 00000000 00:00 0 
7f7e4dcdd000-7f7e4dce0000 rw-p 00000000 00:00 0 
7f7e4dce0000-7f7e4dce1000 r--p 00025000 08:01 8394811                    /lib/x86_64-linux-gnu/ld-2.24.so
7f7e4dce1000-7f7e4dce2000 rw-p 00026000 08:01 8394811                    /lib/x86_64-linux-gnu/ld-2.24.so
7f7e4dce2000-7f7e4dce3000 rw-p 00000000 00:00 0 
7fff90183000-7fff901a4000 rw-p 00000000 00:00 0                          [stack]
7fff901bc000-7fff901be000 r--p 00000000 00:00 0                          [vvar]
7fff901be000-7fff901c0000 r-xp 00000000 00:00 0                          [vdso]
ffffffffff600000-ffffffffff601000 r-xp 00000000 00:00 0                  [vsyscall]

VM Arguments:
jvm_args: -Dfile.encoding=UTF-8 
java_command: game.MainWindow
java_class_path (initial): /home/admin1/Minesweeper Duels/bin
Launcher Type: SUN_STANDARD

Environment Variables:
PATH=/usr/local/sbin:/usr/local/bin:/usr/sbin:/usr/bin:/sbin:/bin:/usr/games:/usr/local/games:/snap/bin
SHELL=/bin/bash
DISPLAY=:0

Signal Handlers:
SIGSEGV: [libjvm.so+0xa70490], sa_mask[0]=11111111011111111101111111111110, sa_flags=SA_RESTART|SA_SIGINFO
SIGBUS: [libjvm.so+0xa70490], sa_mask[0]=11111111011111111101111111111110, sa_flags=SA_RESTART|SA_SIGINFO
SIGFPE: [libjvm.so+0x8b9fc0], sa_mask[0]=11111111011111111101111111111110, sa_flags=SA_RESTART|SA_SIGINFO
SIGPIPE: [libjvm.so+0x8b9fc0], sa_mask[0]=11111111011111111101111111111110, sa_flags=SA_RESTART|SA_SIGINFO
SIGXFSZ: [libjvm.so+0x8b9fc0], sa_mask[0]=11111111011111111101111111111110, sa_flags=SA_RESTART|SA_SIGINFO
SIGILL: [libjvm.so+0x8b9fc0], sa_mask[0]=11111111011111111101111111111110, sa_flags=SA_RESTART|SA_SIGINFO
SIGUSR1: SIG_DFL, sa_mask[0]=00000000000000000000000000000000, sa_flags=none
SIGUSR2: [libjvm.so+0x8b9e70], sa_mask[0]=00100000000000000000000000000000, sa_flags=SA_RESTART|SA_SIGINFO
SIGHUP: [libjvm.so+0x8ba320], sa_mask[0]=11111111011111111101111111111110, sa_flags=SA_RESTART|SA_SIGINFO
SIGINT: [libjvm.so+0x8ba320], sa_mask[0]=11111111011111111101111111111110, sa_flags=SA_RESTART|SA_SIGINFO
SIGTERM: [libjvm.so+0x8ba320], sa_mask[0]=11111111011111111101111111111110, sa_flags=SA_RESTART|SA_SIGINFO
SIGQUIT: [libjvm.so+0x8ba320], sa_mask[0]=11111111011111111101111111111110, sa_flags=SA_RESTART|SA_SIGINFO


---------------  S Y S T E M  ---------------

OS:DISTRIB_ID=Ubuntu
DISTRIB_RELEASE=17.04
DISTRIB_CODENAME=zesty
DISTRIB_DESCRIPTION="Ubuntu 17.04"

uname:Linux 4.10.0-38-generic #42-Ubuntu SMP Tue Oct 10 13:24:27 UTC 2017 x86_64
libc:glibc 2.24 NPTL 2.24 
rlimit: STACK 8192k, CORE 0k, NPROC 15150, NOFILE 4096, AS infinity
load average:0.27 0.20 0.24

/proc/meminfo:
MemTotal:        3924208 kB
MemFree:         2294712 kB
MemAvailable:    2423416 kB
Buffers:           15376 kB
Cached:           622408 kB
SwapCached:        45224 kB
Active:           948748 kB
Inactive:         525268 kB
Active(anon):     789816 kB
Inactive(anon):   378520 kB
Active(file):     158932 kB
Inactive(file):   146748 kB
Unevictable:          96 kB
Mlocked:              96 kB
SwapTotal:       2097148 kB
SwapFree:        1957324 kB
Dirty:               380 kB
Writeback:           288 kB
AnonPages:        734280 kB
Mapped:           168564 kB
Shmem:            331576 kB
Slab:              89968 kB
SReclaimable:      50972 kB
SUnreclaim:        38996 kB
KernelStack:        6316 kB
PageTables:        18976 kB
NFS_Unstable:          0 kB
Bounce:                0 kB
WritebackTmp:          0 kB
CommitLimit:     4059252 kB
Committed_AS:    3378988 kB
VmallocTotal:   34359738367 kB
VmallocUsed:           0 kB
VmallocChunk:          0 kB
HardwareCorrupted:     0 kB
AnonHugePages:    466944 kB
ShmemHugePages:        0 kB
ShmemPmdMapped:        0 kB
CmaTotal:              0 kB
CmaFree:               0 kB
HugePages_Total:       0
HugePages_Free:        0
HugePages_Rsvd:        0
HugePages_Surp:        0
Hugepagesize:       2048 kB
DirectMap4k:      173696 kB
DirectMap2M:     3901440 kB


CPU:total 4 (initial active 4) (2 cores per cpu, 2 threads per core) family 6 model 42 stepping 7, cmov, cx8, fxsr, mmx, sse, sse2, sse3, ssse3, sse4.1, sse4.2, popcnt, avx, aes, clmul, ht, tsc, tscinvbit

/proc/cpuinfo:
processor	: 0
vendor_id	: GenuineIntel
cpu family	: 6
model		: 42
model name	: Intel(R) Core(TM) i5-2520M CPU @ 2.50GHz
stepping	: 7
microcode	: 0x29
cpu MHz		: 799.865
cache size	: 3072 KB
physical id	: 0
siblings	: 4
core id		: 0
cpu cores	: 2
apicid		: 0
initial apicid	: 0
fpu		: yes
fpu_exception	: yes
cpuid level	: 13
wp		: yes
flags		: fpu vme de pse tsc msr pae mce cx8 apic sep mtrr pge mca cmov pat pse36 clflush dts acpi mmx fxsr sse sse2 ss ht tm pbe syscall nx rdtscp lm constant_tsc arch_perfmon pebs bts nopl xtopology nonstop_tsc aperfmperf pni pclmulqdq dtes64 monitor ds_cpl vmx smx est tm2 ssse3 cx16 xtpr pdcm pcid sse4_1 sse4_2 x2apic popcnt tsc_deadline_timer aes xsave avx lahf_lm epb tpr_shadow vnmi flexpriority ept vpid xsaveopt dtherm ida arat pln pts
bugs		:
bogomips	: 4983.79
clflush size	: 64
cache_alignment	: 64
address sizes	: 36 bits physical, 48 bits virtual
power management:

processor	: 1
vendor_id	: GenuineIntel
cpu family	: 6
model		: 42
model name	: Intel(R) Core(TM) i5-2520M CPU @ 2.50GHz
stepping	: 7
microcode	: 0x29
cpu MHz		: 799.865
cache size	: 3072 KB
physical id	: 0
siblings	: 4
core id		: 0
cpu cores	: 2
apicid		: 1
initial apicid	: 1
fpu		: yes
fpu_exception	: yes
cpuid level	: 13
wp		: yes
flags		: fpu vme de pse tsc msr pae mce cx8 apic sep mtrr pge mca cmov pat pse36 clflush dts acpi mmx fxsr sse sse2 ss ht tm pbe syscall nx rdtscp lm constant_tsc arch_perfmon pebs bts nopl xtopology nonstop_tsc aperfmperf pni pclmulqdq dtes64 monitor ds_cpl vmx smx est tm2 ssse3 cx16 xtpr pdcm pcid sse4_1 sse4_2 x2apic popcnt tsc_deadline_timer aes xsave avx lahf_lm epb tpr_shadow vnmi flexpriority ept vpid xsaveopt dtherm ida arat pln pts
bugs		:
bogomips	: 4983.79
clflush size	: 64
cache_alignment	: 64
address sizes	: 36 bits physical, 48 bits virtual
power management:

processor	: 2
vendor_id	: GenuineIntel
cpu family	: 6
model		: 42
model name	: Intel(R) Core(TM) i5-2520M CPU @ 2.50GHz
stepping	: 7
microcode	: 0x29
cpu MHz		: 799.865
cache size	: 3072 KB
physical id	: 0
siblings	: 4
core id		: 1
cpu cores	: 2
apicid		: 2
initial apicid	: 2
fpu		: yes
fpu_exception	: yes
cpuid level	: 13
wp		: yes
flags		: fpu vme de pse tsc msr pae mce cx8 apic sep mtrr pge mca cmov pat pse36 clflush dts acpi mmx fxsr sse sse2 ss ht tm pbe syscall nx rdtscp lm constant_tsc arch_perfmon pebs bts nopl xtopology nonstop_tsc aperfmperf pni pclmulqdq dtes64 monitor ds_cpl vmx smx est tm2 ssse3 cx16 xtpr pdcm pcid sse4_1 sse4_2 x2apic popcnt tsc_deadline_timer aes xsave avx lahf_lm epb tpr_shadow vnmi flexpriority ept vpid xsaveopt dtherm ida arat pln pts
bugs		:
bogomips	: 4983.79
clflush size	: 64
cache_alignment	: 64
address sizes	: 36 bits physical, 48 bits virtual
power management:

processor	: 3
vendor_id	: GenuineIntel
cpu family	: 6
model		: 42
model name	: Intel(R) Core(TM) i5-2520M CPU @ 2.50GHz
stepping	: 7
microcode	: 0x29
cpu MHz		: 800.018
cache size	: 3072 KB
physical id	: 0
siblings	: 4
core id		: 1
cpu cores	: 2
apicid		: 3
initial apicid	: 3
fpu		: yes
fpu_exception	: yes
cpuid level	: 13
wp		: yes
flags		: fpu vme de pse tsc msr pae mce cx8 apic sep mtrr pge mca cmov pat pse36 clflush dts acpi mmx fxsr sse sse2 ss ht tm pbe syscall nx rdtscp lm constant_tsc arch_perfmon pebs bts nopl xtopology nonstop_tsc aperfmperf pni pclmulqdq dtes64 monitor ds_cpl vmx smx est tm2 ssse3 cx16 xtpr pdcm pcid sse4_1 sse4_2 x2apic popcnt tsc_deadline_timer aes xsave avx lahf_lm epb tpr_shadow vnmi flexpriority ept vpid xsaveopt dtherm ida arat pln pts
bugs		:
bogomips	: 4983.79
clflush size	: 64
cache_alignment	: 64
address sizes	: 36 bits physical, 48 bits virtual
power management:



Memory: 4k page, physical 3924208k(2294712k free), swap 2097148k(1957324k free)

vm_info: OpenJDK 64-Bit Server VM (25.131-b11) for linux-amd64 JRE (1.8.0_131-8u131-b11-2ubuntu1.17.04.3-b11), built on Jul 27 2017 21:26:44 by "buildd" with gcc 6.3.0 20170406

time: Wed Dec 11 10:18:33 2019
elapsed time: 2680 seconds (0d 0h 44m 40s)

